  BaseGame.cpp
C:\Users\Usuario\Desktop\ZeissGonzaloMotorGraficos\MotorGraficos\GraficosMotor\GraficosMotor\Windows.h(10,1): error C2011: 'Windows': nueva definición del tipo 'class'
C:\Users\Usuario\Desktop\ZeissGonzaloMotorGraficos\MotorGraficos\GraficosMotor\GraficosMotor\Windows.h(9): message : vea la declaración de 'Windows'
C:\Users\Usuario\Desktop\ZeissGonzaloMotorGraficos\MotorGraficos\GraficosMotor\GraficosMotor\BaseGame.cpp(4,22): warning C4273: 'BaseGame::BaseGame': vinculación de DLL incoherente
C:\Users\Usuario\Desktop\ZeissGonzaloMotorGraficos\MotorGraficos\GraficosMotor\GraficosMotor\BaseGame.h(18,2): message : vea la definición anterior de '{ctor}'
C:\Users\Usuario\Desktop\ZeissGonzaloMotorGraficos\MotorGraficos\GraficosMotor\GraficosMotor\BaseGame.cpp(7,23): warning C4273: 'BaseGame::~BaseGame': vinculación de DLL incoherente
C:\Users\Usuario\Desktop\ZeissGonzaloMotorGraficos\MotorGraficos\GraficosMotor\GraficosMotor\BaseGame.h(19,3): message : vea la definición anterior de '{dtor}'
C:\Users\Usuario\Desktop\ZeissGonzaloMotorGraficos\MotorGraficos\GraficosMotor\GraficosMotor\BaseGame.cpp(10,60): warning C4273: 'BaseGame::OpenWindows': vinculación de DLL incoherente
C:\Users\Usuario\Desktop\ZeissGonzaloMotorGraficos\MotorGraficos\GraficosMotor\GraficosMotor\BaseGame.h(21,7): message : vea la definición anterior de 'OpenWindows'
C:\Users\Usuario\Desktop\ZeissGonzaloMotorGraficos\MotorGraficos\GraficosMotor\GraficosMotor\BaseGame.cpp(11,24): error C2027: uso del tipo 'Windows' sin definir
C:\Users\Usuario\Desktop\ZeissGonzaloMotorGraficos\MotorGraficos\GraficosMotor\GraficosMotor\Windows.h(9): message : vea la declaración de 'Windows'
C:\Users\Usuario\Desktop\ZeissGonzaloMotorGraficos\MotorGraficos\GraficosMotor\GraficosMotor\BaseGame.cpp(12,8): error C2027: uso del tipo 'Windows' sin definir
C:\Users\Usuario\Desktop\ZeissGonzaloMotorGraficos\MotorGraficos\GraficosMotor\GraficosMotor\Windows.h(9): message : vea la declaración de 'Windows'
C:\Users\Usuario\Desktop\ZeissGonzaloMotorGraficos\MotorGraficos\GraficosMotor\GraficosMotor\BaseGame.cpp(16,31): warning C4273: 'BaseGame::DrawTriangle': vinculación de DLL incoherente
C:\Users\Usuario\Desktop\ZeissGonzaloMotorGraficos\MotorGraficos\GraficosMotor\GraficosMotor\BaseGame.h(27,7): message : vea la definición anterior de 'DrawTriangle'
C:\Users\Usuario\Desktop\ZeissGonzaloMotorGraficos\MotorGraficos\GraficosMotor\GraficosMotor\BaseGame.cpp(19,25): warning C4273: 'BaseGame::Update': vinculación de DLL incoherente
C:\Users\Usuario\Desktop\ZeissGonzaloMotorGraficos\MotorGraficos\GraficosMotor\GraficosMotor\BaseGame.h(22,7): message : vea la definición anterior de 'Update'
C:\Users\Usuario\Desktop\ZeissGonzaloMotorGraficos\MotorGraficos\GraficosMotor\GraficosMotor\BaseGame.cpp(20,15): error C2027: uso del tipo 'Windows' sin definir
C:\Users\Usuario\Desktop\ZeissGonzaloMotorGraficos\MotorGraficos\GraficosMotor\GraficosMotor\Windows.h(9): message : vea la declaración de 'Windows'
C:\Users\Usuario\Desktop\ZeissGonzaloMotorGraficos\MotorGraficos\GraficosMotor\GraficosMotor\BaseGame.cpp(24,62): warning C4273: 'BaseGame::SetColorBackground': vinculación de DLL incoherente
C:\Users\Usuario\Desktop\ZeissGonzaloMotorGraficos\MotorGraficos\GraficosMotor\GraficosMotor\BaseGame.h(23,7): message : vea la definición anterior de 'SetColorBackground'
C:\Users\Usuario\Desktop\ZeissGonzaloMotorGraficos\MotorGraficos\GraficosMotor\GraficosMotor\BaseGame.cpp(25,8): error C2027: uso del tipo 'Windows' sin definir
C:\Users\Usuario\Desktop\ZeissGonzaloMotorGraficos\MotorGraficos\GraficosMotor\GraficosMotor\Windows.h(9): message : vea la declaración de 'Windows'
C:\Users\Usuario\Desktop\ZeissGonzaloMotorGraficos\MotorGraficos\GraficosMotor\GraficosMotor\BaseGame.cpp(27,71): warning C4273: 'BaseGame::SetColorBackground': vinculación de DLL incoherente
C:\Users\Usuario\Desktop\ZeissGonzaloMotorGraficos\MotorGraficos\GraficosMotor\GraficosMotor\BaseGame.h(24,7): message : vea la definición anterior de 'SetColorBackground'
C:\Users\Usuario\Desktop\ZeissGonzaloMotorGraficos\MotorGraficos\GraficosMotor\GraficosMotor\BaseGame.cpp(28,8): error C2027: uso del tipo 'Windows' sin definir
C:\Users\Usuario\Desktop\ZeissGonzaloMotorGraficos\MotorGraficos\GraficosMotor\GraficosMotor\Windows.h(9): message : vea la declaración de 'Windows'
C:\Users\Usuario\Desktop\ZeissGonzaloMotorGraficos\MotorGraficos\GraficosMotor\GraficosMotor\BaseGame.cpp(30,32): warning C4273: 'BaseGame::UpdateWindows': vinculación de DLL incoherente
C:\Users\Usuario\Desktop\ZeissGonzaloMotorGraficos\MotorGraficos\GraficosMotor\GraficosMotor\BaseGame.h(25,7): message : vea la definición anterior de 'UpdateWindows'
C:\Users\Usuario\Desktop\ZeissGonzaloMotorGraficos\MotorGraficos\GraficosMotor\GraficosMotor\BaseGame.cpp(31,8): error C2027: uso del tipo 'Windows' sin definir
C:\Users\Usuario\Desktop\ZeissGonzaloMotorGraficos\MotorGraficos\GraficosMotor\GraficosMotor\Windows.h(9): message : vea la declaración de 'Windows'
C:\Users\Usuario\Desktop\ZeissGonzaloMotorGraficos\MotorGraficos\GraficosMotor\GraficosMotor\BaseGame.cpp(33,41): warning C4273: 'BaseGame::GetKay': vinculación de DLL incoherente
C:\Users\Usuario\Desktop\ZeissGonzaloMotorGraficos\MotorGraficos\GraficosMotor\GraficosMotor\BaseGame.h(29,7): message : vea la definición anterior de 'GetKay'
  Windows.cpp
C:\Users\Usuario\Desktop\ZeissGonzaloMotorGraficos\MotorGraficos\GraficosMotor\GraficosMotor\Windows.cpp(3,20): warning C4273: 'Windows::Windows': vinculación de DLL incoherente
C:\Users\Usuario\Desktop\ZeissGonzaloMotorGraficos\MotorGraficos\GraficosMotor\GraficosMotor\Windows.h(16,2): message : vea la definición anterior de '{ctor}'
C:\Users\Usuario\Desktop\ZeissGonzaloMotorGraficos\MotorGraficos\GraficosMotor\GraficosMotor\Windows.cpp(6,21): warning C4273: 'Windows::~Windows': vinculación de DLL incoherente
C:\Users\Usuario\Desktop\ZeissGonzaloMotorGraficos\MotorGraficos\GraficosMotor\GraficosMotor\Windows.h(17,3): message : vea la definición anterior de '{dtor}'
C:\Users\Usuario\Desktop\ZeissGonzaloMotorGraficos\MotorGraficos\GraficosMotor\GraficosMotor\Windows.cpp(9,52): warning C4273: 'Windows::Open': vinculación de DLL incoherente
C:\Users\Usuario\Desktop\ZeissGonzaloMotorGraficos\MotorGraficos\GraficosMotor\GraficosMotor\Windows.h(18,7): message : vea la definición anterior de 'Open'
C:\Users\Usuario\Desktop\ZeissGonzaloMotorGraficos\MotorGraficos\GraficosMotor\GraficosMotor\Windows.cpp(35,24): warning C4273: 'Windows::IsOpen': vinculación de DLL incoherente
C:\Users\Usuario\Desktop\ZeissGonzaloMotorGraficos\MotorGraficos\GraficosMotor\GraficosMotor\Windows.h(19,7): message : vea la definición anterior de 'IsOpen'
C:\Users\Usuario\Desktop\ZeissGonzaloMotorGraficos\MotorGraficos\GraficosMotor\GraficosMotor\Windows.cpp(43,61): warning C4273: 'Windows::SetColorBackground': vinculación de DLL incoherente
C:\Users\Usuario\Desktop\ZeissGonzaloMotorGraficos\MotorGraficos\GraficosMotor\GraficosMotor\Windows.h(20,7): message : vea la definición anterior de 'SetColorBackground'
C:\Users\Usuario\Desktop\ZeissGonzaloMotorGraficos\MotorGraficos\GraficosMotor\GraficosMotor\Windows.cpp(48,70): warning C4273: 'Windows::setColorBackground': vinculación de DLL incoherente
C:\Users\Usuario\Desktop\ZeissGonzaloMotorGraficos\MotorGraficos\GraficosMotor\GraficosMotor\Windows.h(21,7): message : vea la definición anterior de 'setColorBackground'
C:\Users\Usuario\Desktop\ZeissGonzaloMotorGraficos\MotorGraficos\GraficosMotor\GraficosMotor\Windows.cpp(54,31): warning C4273: 'Windows::UpdateWindows': vinculación de DLL incoherente
C:\Users\Usuario\Desktop\ZeissGonzaloMotorGraficos\MotorGraficos\GraficosMotor\GraficosMotor\Windows.h(22,7): message : vea la definición anterior de 'UpdateWindows'
C:\Users\Usuario\Desktop\ZeissGonzaloMotorGraficos\MotorGraficos\GraficosMotor\GraficosMotor\Windows.cpp(61,35): warning C4273: 'Windows::GetWindows': vinculación de DLL incoherente
C:\Users\Usuario\Desktop\ZeissGonzaloMotorGraficos\MotorGraficos\GraficosMotor\GraficosMotor\Windows.h(23,14): message : vea la definición anterior de 'GetWindows'
  Generando código...
