  BaseGame.cpp
C:\Users\noggo\Desktop\ZeissGonzaloMotorGraficos\MotorGraficos\GraficosMotor\GraficosMotor\BaseGame.cpp(4,22): warning C4273: 'BaseGame::BaseGame': vinculación de DLL incoherente
C:\Users\noggo\Desktop\ZeissGonzaloMotorGraficos\MotorGraficos\GraficosMotor\GraficosMotor\BaseGame.h(21,2): message : vea la definición anterior de '{ctor}'
C:\Users\noggo\Desktop\ZeissGonzaloMotorGraficos\MotorGraficos\GraficosMotor\GraficosMotor\BaseGame.cpp(7,23): warning C4273: 'BaseGame::~BaseGame': vinculación de DLL incoherente
C:\Users\noggo\Desktop\ZeissGonzaloMotorGraficos\MotorGraficos\GraficosMotor\GraficosMotor\BaseGame.h(22,3): message : vea la definición anterior de '{dtor}'
C:\Users\noggo\Desktop\ZeissGonzaloMotorGraficos\MotorGraficos\GraficosMotor\GraficosMotor\BaseGame.cpp(10,60): warning C4273: 'BaseGame::OpenWindows': vinculación de DLL incoherente
C:\Users\noggo\Desktop\ZeissGonzaloMotorGraficos\MotorGraficos\GraficosMotor\GraficosMotor\BaseGame.h(24,7): message : vea la definición anterior de 'OpenWindows'
C:\Users\noggo\Desktop\ZeissGonzaloMotorGraficos\MotorGraficos\GraficosMotor\GraficosMotor\BaseGame.cpp(17,31): warning C4273: 'BaseGame::DrawTriangle': vinculación de DLL incoherente
C:\Users\noggo\Desktop\ZeissGonzaloMotorGraficos\MotorGraficos\GraficosMotor\GraficosMotor\BaseGame.h(30,7): message : vea la definición anterior de 'DrawTriangle'
C:\Users\noggo\Desktop\ZeissGonzaloMotorGraficos\MotorGraficos\GraficosMotor\GraficosMotor\BaseGame.cpp(20,25): warning C4273: 'BaseGame::Update': vinculación de DLL incoherente
C:\Users\noggo\Desktop\ZeissGonzaloMotorGraficos\MotorGraficos\GraficosMotor\GraficosMotor\BaseGame.h(25,7): message : vea la definición anterior de 'Update'
C:\Users\noggo\Desktop\ZeissGonzaloMotorGraficos\MotorGraficos\GraficosMotor\GraficosMotor\BaseGame.cpp(25,62): warning C4273: 'BaseGame::SetColorBackground': vinculación de DLL incoherente
C:\Users\noggo\Desktop\ZeissGonzaloMotorGraficos\MotorGraficos\GraficosMotor\GraficosMotor\BaseGame.h(26,7): message : vea la definición anterior de 'SetColorBackground'
C:\Users\noggo\Desktop\ZeissGonzaloMotorGraficos\MotorGraficos\GraficosMotor\GraficosMotor\BaseGame.cpp(28,71): warning C4273: 'BaseGame::SetColorBackground': vinculación de DLL incoherente
C:\Users\noggo\Desktop\ZeissGonzaloMotorGraficos\MotorGraficos\GraficosMotor\GraficosMotor\BaseGame.h(27,7): message : vea la definición anterior de 'SetColorBackground'
C:\Users\noggo\Desktop\ZeissGonzaloMotorGraficos\MotorGraficos\GraficosMotor\GraficosMotor\BaseGame.cpp(31,32): warning C4273: 'BaseGame::UpdateWindows': vinculación de DLL incoherente
C:\Users\noggo\Desktop\ZeissGonzaloMotorGraficos\MotorGraficos\GraficosMotor\GraficosMotor\BaseGame.h(28,7): message : vea la definición anterior de 'UpdateWindows'
C:\Users\noggo\Desktop\ZeissGonzaloMotorGraficos\MotorGraficos\GraficosMotor\GraficosMotor\BaseGame.cpp(34,41): warning C4273: 'BaseGame::GetKay': vinculación de DLL incoherente
C:\Users\noggo\Desktop\ZeissGonzaloMotorGraficos\MotorGraficos\GraficosMotor\GraficosMotor\BaseGame.h(32,7): message : vea la definición anterior de 'GetKay'
  Input.cpp
C:\Users\noggo\Desktop\ZeissGonzaloMotorGraficos\MotorGraficos\GraficosMotor\GraficosMotor\Input.cpp(3,16): warning C4273: 'Input::Input': vinculación de DLL incoherente
C:\Users\noggo\Desktop\ZeissGonzaloMotorGraficos\MotorGraficos\GraficosMotor\GraficosMotor\Input.h(11,2): message : vea la definición anterior de '{ctor}'
C:\Users\noggo\Desktop\ZeissGonzaloMotorGraficos\MotorGraficos\GraficosMotor\GraficosMotor\Input.cpp(5,17): warning C4273: 'Input::~Input': vinculación de DLL incoherente
C:\Users\noggo\Desktop\ZeissGonzaloMotorGraficos\MotorGraficos\GraficosMotor\GraficosMotor\Input.h(12,3): message : vea la definición anterior de '{dtor}'
C:\Users\noggo\Desktop\ZeissGonzaloMotorGraficos\MotorGraficos\GraficosMotor\GraficosMotor\Input.cpp(8,43): warning C4273: 'Input::Initialize': vinculación de DLL incoherente
C:\Users\noggo\Desktop\ZeissGonzaloMotorGraficos\MotorGraficos\GraficosMotor\GraficosMotor\Input.h(13,7): message : vea la definición anterior de 'Initialize'
C:\Users\noggo\Desktop\ZeissGonzaloMotorGraficos\MotorGraficos\GraficosMotor\GraficosMotor\Input.cpp(11,45): warning C4273: 'Input::PressedKey': vinculación de DLL incoherente
C:\Users\noggo\Desktop\ZeissGonzaloMotorGraficos\MotorGraficos\GraficosMotor\GraficosMotor\Input.h(14,7): message : vea la definición anterior de 'PressedKey'
  Renderer.cpp
C:\Users\noggo\Desktop\ZeissGonzaloMotorGraficos\MotorGraficos\GraficosMotor\GraficosMotor\Renderer.cpp(3,22): warning C4273: 'Renderer::Renderer': vinculación de DLL incoherente
C:\Users\noggo\Desktop\ZeissGonzaloMotorGraficos\MotorGraficos\GraficosMotor\GraficosMotor\Renderer.h(13,2): message : vea la definición anterior de '{ctor}'
C:\Users\noggo\Desktop\ZeissGonzaloMotorGraficos\MotorGraficos\GraficosMotor\GraficosMotor\Renderer.cpp(6,23): warning C4273: 'Renderer::~Renderer': vinculación de DLL incoherente
C:\Users\noggo\Desktop\ZeissGonzaloMotorGraficos\MotorGraficos\GraficosMotor\GraficosMotor\Renderer.h(14,3): message : vea la definición anterior de '{dtor}'
C:\Users\noggo\Desktop\ZeissGonzaloMotorGraficos\MotorGraficos\GraficosMotor\GraficosMotor\Renderer.cpp(9,30): warning C4273: 'Renderer::DrawTriangle': vinculación de DLL incoherente
C:\Users\noggo\Desktop\ZeissGonzaloMotorGraficos\MotorGraficos\GraficosMotor\GraficosMotor\Renderer.h(15,7): message : vea la definición anterior de 'DrawTriangle'
  Windows.cpp
C:\Users\noggo\Desktop\ZeissGonzaloMotorGraficos\MotorGraficos\GraficosMotor\GraficosMotor\Windows.cpp(3,20): warning C4273: 'Windows::Windows': vinculación de DLL incoherente
C:\Users\noggo\Desktop\ZeissGonzaloMotorGraficos\MotorGraficos\GraficosMotor\GraficosMotor\Windows.h(16,2): message : vea la definición anterior de '{ctor}'
C:\Users\noggo\Desktop\ZeissGonzaloMotorGraficos\MotorGraficos\GraficosMotor\GraficosMotor\Windows.cpp(6,21): warning C4273: 'Windows::~Windows': vinculación de DLL incoherente
C:\Users\noggo\Desktop\ZeissGonzaloMotorGraficos\MotorGraficos\GraficosMotor\GraficosMotor\Windows.h(17,3): message : vea la definición anterior de '{dtor}'
C:\Users\noggo\Desktop\ZeissGonzaloMotorGraficos\MotorGraficos\GraficosMotor\GraficosMotor\Windows.cpp(9,52): warning C4273: 'Windows::Open': vinculación de DLL incoherente
C:\Users\noggo\Desktop\ZeissGonzaloMotorGraficos\MotorGraficos\GraficosMotor\GraficosMotor\Windows.h(18,7): message : vea la definición anterior de 'Open'
C:\Users\noggo\Desktop\ZeissGonzaloMotorGraficos\MotorGraficos\GraficosMotor\GraficosMotor\Windows.cpp(49,24): warning C4273: 'Windows::IsOpen': vinculación de DLL incoherente
C:\Users\noggo\Desktop\ZeissGonzaloMotorGraficos\MotorGraficos\GraficosMotor\GraficosMotor\Windows.h(19,7): message : vea la definición anterior de 'IsOpen'
C:\Users\noggo\Desktop\ZeissGonzaloMotorGraficos\MotorGraficos\GraficosMotor\GraficosMotor\Windows.cpp(57,61): warning C4273: 'Windows::SetColorBackground': vinculación de DLL incoherente
C:\Users\noggo\Desktop\ZeissGonzaloMotorGraficos\MotorGraficos\GraficosMotor\GraficosMotor\Windows.h(20,7): message : vea la definición anterior de 'SetColorBackground'
C:\Users\noggo\Desktop\ZeissGonzaloMotorGraficos\MotorGraficos\GraficosMotor\GraficosMotor\Windows.cpp(62,70): warning C4273: 'Windows::setColorBackground': vinculación de DLL incoherente
C:\Users\noggo\Desktop\ZeissGonzaloMotorGraficos\MotorGraficos\GraficosMotor\GraficosMotor\Windows.h(21,7): message : vea la definición anterior de 'setColorBackground'
C:\Users\noggo\Desktop\ZeissGonzaloMotorGraficos\MotorGraficos\GraficosMotor\GraficosMotor\Windows.cpp(68,31): warning C4273: 'Windows::UpdateWindows': vinculación de DLL incoherente
C:\Users\noggo\Desktop\ZeissGonzaloMotorGraficos\MotorGraficos\GraficosMotor\GraficosMotor\Windows.h(22,7): message : vea la definición anterior de 'UpdateWindows'
C:\Users\noggo\Desktop\ZeissGonzaloMotorGraficos\MotorGraficos\GraficosMotor\GraficosMotor\Windows.cpp(75,35): warning C4273: 'Windows::GetWindows': vinculación de DLL incoherente
C:\Users\noggo\Desktop\ZeissGonzaloMotorGraficos\MotorGraficos\GraficosMotor\GraficosMotor\Windows.h(23,14): message : vea la definición anterior de 'GetWindows'
C:\Users\noggo\Desktop\ZeissGonzaloMotorGraficos\MotorGraficos\GraficosMotor\GraficosMotor\Windows.cpp(78,95): warning C4273: 'Windows::CreateShader': vinculación de DLL incoherente
C:\Users\noggo\Desktop\ZeissGonzaloMotorGraficos\MotorGraficos\GraficosMotor\GraficosMotor\Windows.h(25,13): message : vea la definición anterior de 'CreateShader'
     Creando biblioteca C:\Users\noggo\Desktop\ZeissGonzaloMotorGraficos\MotorGraficos\GraficosMotor\GraficosMotor\bin\Release\GraficosMotor.lib y objeto C:\Users\noggo\Desktop\ZeissGonzaloMotorGraficos\MotorGraficos\GraficosMotor\GraficosMotor\bin\Release\GraficosMotor.exp
LINK : warning LNK4098: la biblioteca predeterminada'LIBCMT' entra en conflicto con otras bibliotecas; use la biblioteca /NODEFAULTLIB:biblioteca
  Previous IPDB was built with incompatible compiler, fall back to full compilation.
  Generando código
C:\Users\noggo\Desktop\ZeissGonzaloMotorGraficos\MotorGraficos\GraficosMotor\GraficosMotor\Windows.cpp(81): error C4716: 'Windows::CreateShader': debe devolver un valor
  All 90 functions were compiled because no usable IPDB/IOBJ from previous compilation was found.
LINK : fatal error LNK1257: error de generación de código
