  Game.cpp
C:\Users\noggo\Desktop\GIT\MotorGraficos\GraficosMotor\GraficosMotor\Renderer.h(19,22): warning C4251: 'Renderer::ViewMatrix': struct 'glm::mat<4,4,glm::f32,glm::packed_highp>' necesita tener una interfaz DLL para que la utilicen los clientes de class 'Renderer'
C:\Users\noggo\Desktop\GIT\MotorGraficos\GraficosMotor\Lib\glm\fwd.hpp(520): message : vea la declaración de 'glm::mat<4,4,glm::f32,glm::packed_highp>'
C:\Users\noggo\Desktop\GIT\MotorGraficos\GraficosMotor\GraficosMotor\Renderer.h(20,24): warning C4251: 'Renderer::CameraMatrix': struct 'glm::mat<4,4,glm::f32,glm::packed_highp>' necesita tener una interfaz DLL para que la utilicen los clientes de class 'Renderer'
C:\Users\noggo\Desktop\GIT\MotorGraficos\GraficosMotor\Lib\glm\fwd.hpp(520): message : vea la declaración de 'glm::mat<4,4,glm::f32,glm::packed_highp>'
C:\Users\noggo\Desktop\GIT\MotorGraficos\GraficosMotor\GraficosMotor\Renderer.h(21,28): warning C4251: 'Renderer::projectionMatrix': struct 'glm::mat<4,4,glm::f32,glm::packed_highp>' necesita tener una interfaz DLL para que la utilicen los clientes de class 'Renderer'
C:\Users\noggo\Desktop\GIT\MotorGraficos\GraficosMotor\Lib\glm\fwd.hpp(520): message : vea la declaración de 'glm::mat<4,4,glm::f32,glm::packed_highp>'
C:\Users\noggo\Desktop\GIT\MotorGraficos\GraficosMotor\GraficosMotor\Renderer.h(22,21): warning C4251: 'Renderer::MVPmatrix': struct 'glm::mat<4,4,glm::f32,glm::packed_highp>' necesita tener una interfaz DLL para que la utilicen los clientes de class 'Renderer'
C:\Users\noggo\Desktop\GIT\MotorGraficos\GraficosMotor\Lib\glm\fwd.hpp(520): message : vea la declaración de 'glm::mat<4,4,glm::f32,glm::packed_highp>'
C:\Users\noggo\Desktop\GIT\MotorGraficos\GraficosMotor\Game\Game.cpp(27,24): warning C4305: 'argumento': truncamiento de 'double' a 'float'
C:\Users\noggo\Desktop\GIT\MotorGraficos\GraficosMotor\Game\Game.cpp(31,26): warning C4305: 'argumento': truncamiento de 'double' a 'float'
C:\Users\noggo\Desktop\GIT\MotorGraficos\GraficosMotor\Game\Game.cpp(35,26): warning C4305: 'argumento': truncamiento de 'double' a 'float'
C:\Users\noggo\Desktop\GIT\MotorGraficos\GraficosMotor\Game\Game.cpp(39,27): warning C4305: 'argumento': truncamiento de 'double' a 'float'
C:\Users\noggo\Desktop\GIT\MotorGraficos\GraficosMotor\Game\Game.cpp(44,26): warning C4305: 'argumento': truncamiento de 'double' a 'float'
C:\Users\noggo\Desktop\GIT\MotorGraficos\GraficosMotor\Game\Game.cpp(49,27): warning C4305: 'argumento': truncamiento de 'double' a 'float'
  Main.cpp
C:\Users\noggo\Desktop\GIT\MotorGraficos\GraficosMotor\GraficosMotor\Renderer.h(19,22): warning C4251: 'Renderer::ViewMatrix': struct 'glm::mat<4,4,glm::f32,glm::packed_highp>' necesita tener una interfaz DLL para que la utilicen los clientes de class 'Renderer'
C:\Users\noggo\Desktop\GIT\MotorGraficos\GraficosMotor\Lib\glm\fwd.hpp(520): message : vea la declaración de 'glm::mat<4,4,glm::f32,glm::packed_highp>'
C:\Users\noggo\Desktop\GIT\MotorGraficos\GraficosMotor\GraficosMotor\Renderer.h(20,24): warning C4251: 'Renderer::CameraMatrix': struct 'glm::mat<4,4,glm::f32,glm::packed_highp>' necesita tener una interfaz DLL para que la utilicen los clientes de class 'Renderer'
C:\Users\noggo\Desktop\GIT\MotorGraficos\GraficosMotor\Lib\glm\fwd.hpp(520): message : vea la declaración de 'glm::mat<4,4,glm::f32,glm::packed_highp>'
C:\Users\noggo\Desktop\GIT\MotorGraficos\GraficosMotor\GraficosMotor\Renderer.h(21,28): warning C4251: 'Renderer::projectionMatrix': struct 'glm::mat<4,4,glm::f32,glm::packed_highp>' necesita tener una interfaz DLL para que la utilicen los clientes de class 'Renderer'
C:\Users\noggo\Desktop\GIT\MotorGraficos\GraficosMotor\Lib\glm\fwd.hpp(520): message : vea la declaración de 'glm::mat<4,4,glm::f32,glm::packed_highp>'
C:\Users\noggo\Desktop\GIT\MotorGraficos\GraficosMotor\GraficosMotor\Renderer.h(22,21): warning C4251: 'Renderer::MVPmatrix': struct 'glm::mat<4,4,glm::f32,glm::packed_highp>' necesita tener una interfaz DLL para que la utilicen los clientes de class 'Renderer'
C:\Users\noggo\Desktop\GIT\MotorGraficos\GraficosMotor\Lib\glm\fwd.hpp(520): message : vea la declaración de 'glm::mat<4,4,glm::f32,glm::packed_highp>'
  Generando código...
  Game.vcxproj -> C:\Users\noggo\Desktop\GIT\MotorGraficos\GraficosMotor\Debug\Game.exe
